c:\users\onii-chan\source\repos\gameproject\gameproject\debug\vc141.pdb
c:\users\onii-chan\source\repos\gameproject\gameproject\debug\vc141.idb
c:\users\onii-chan\source\repos\gameproject\gameproject\debug\gameproject.obj
c:\users\onii-chan\documents\github\ser431-game-project\gameproject\debug\vc141.pdb
c:\users\onii-chan\documents\github\ser431-game-project\gameproject\debug\vc141.idb
c:\users\onii-chan\documents\github\ser431-game-project\gameproject\debug\gameproject.obj
c:\users\onii-chan\source\repos\gameproject\debug\gameproject.ilk
c:\users\onii-chan\source\repos\gameproject\debug\gameproject.exe
c:\users\onii-chan\source\repos\gameproject\debug\gameproject.pdb
c:\users\onii-chan\documents\github\ser431-game-project\debug\gameproject.exe
c:\users\onii-chan\documents\github\ser431-game-project\debug\gameproject.ilk
c:\users\onii-chan\documents\github\ser431-game-project\debug\gameproject.pdb
c:\users\onii-chan\documents\github\ser431-game-project\gameproject\debug\gameproject.tlog\cl.command.1.tlog
c:\users\onii-chan\documents\github\ser431-game-project\gameproject\debug\gameproject.tlog\cl.read.1.tlog
c:\users\onii-chan\documents\github\ser431-game-project\gameproject\debug\gameproject.tlog\cl.write.1.tlog
c:\users\onii-chan\documents\github\ser431-game-project\gameproject\debug\gameproject.tlog\link.command.1.tlog
c:\users\onii-chan\documents\github\ser431-game-project\gameproject\debug\gameproject.tlog\link.read.1.tlog
c:\users\onii-chan\documents\github\ser431-game-project\gameproject\debug\gameproject.tlog\link.write.1.tlog
c:\users\onii-chan\documents\github\ser431-game-project\gameproject\debug\gameproject.tlog\metagen.read.1.tlog
c:\users\onii-chan\documents\github\ser431-game-project\gameproject\debug\gameproject.tlog\metagen.write.1.tlog
c:\users\onii-chan\documents\github\ser431-game-project\gameproject\debug\gameproject.tlog\tzres.dll.bi
