GameProject.obj : error LNK2019: unresolved external symbol __imp___glutInitWithExit referenced in function glutInit_ATEXIT_HACK
GameProject.obj : error LNK2019: unresolved external symbol __imp_glutInitDisplayMode referenced in function main
GameProject.obj : error LNK2019: unresolved external symbol __imp_glutInitWindowPosition referenced in function main
GameProject.obj : error LNK2019: unresolved external symbol __imp_glutInitWindowSize referenced in function main
GameProject.obj : error LNK2019: unresolved external symbol __imp_glutMainLoop referenced in function main
GameProject.obj : error LNK2019: unresolved external symbol __imp___glutCreateWindowWithExit referenced in function glutCreateWindow_ATEXIT_HACK
GameProject.obj : error LNK2019: unresolved external symbol __imp_glutPostRedisplay referenced in function "void __cdecl Update(void)" (?Update@@YAXXZ)
GameProject.obj : error LNK2019: unresolved external symbol __imp_glutSwapBuffers referenced in function "void __cdecl sync(void)" (?sync@@YAXXZ)
GameProject.obj : error LNK2019: unresolved external symbol __imp_glutPositionWindow referenced in function "void __cdecl mySpecial(int,int,int)" (?mySpecial@@YAXHHH@Z)
GameProject.obj : error LNK2019: unresolved external symbol __imp_glutReshapeWindow referenced in function "void __cdecl mySpecial(int,int,int)" (?mySpecial@@YAXHHH@Z)
GameProject.obj : error LNK2019: unresolved external symbol __imp_glutFullScreen referenced in function "void __cdecl mySpecial(int,int,int)" (?mySpecial@@YAXHHH@Z)
GameProject.obj : error LNK2019: unresolved external symbol __imp_glutSetCursor referenced in function "void __cdecl sync(void)" (?sync@@YAXXZ)
GameProject.obj : error LNK2019: unresolved external symbol __imp_glutWarpPointer referenced in function "void __cdecl sync(void)" (?sync@@YAXXZ)
GameProject.obj : error LNK2019: unresolved external symbol __imp_glutDisplayFunc referenced in function main
GameProject.obj : error LNK2019: unresolved external symbol __imp_glutReshapeFunc referenced in function main
GameProject.obj : error LNK2019: unresolved external symbol __imp_glutKeyboardFunc referenced in function main
GameProject.obj : error LNK2019: unresolved external symbol __imp_glutMouseFunc referenced in function main
GameProject.obj : error LNK2019: unresolved external symbol __imp_glutPassiveMotionFunc referenced in function main
GameProject.obj : error LNK2019: unresolved external symbol __imp_glutSpecialFunc referenced in function main
GameProject.obj : error LNK2019: unresolved external symbol __imp_glutKeyboardUpFunc referenced in function main
GameProject.obj : error LNK2019: unresolved external symbol __imp_glutSpecialUpFunc referenced in function main
GameProject.obj : error LNK2019: unresolved external symbol __imp_glutBitmapCharacter referenced in function "void __cdecl renderBitmapString(float,float,float,void *,char *)" (?renderBitmapString@@YAXMMMPEAXPEAD@Z)
C:\Program Files (x86)\Microsoft Visual Studio 14.0\VC\lib\glut32.lib : warning LNK4272: library machine type 'x86' conflicts with target machine type 'x64'
C:\Users\Onii-chan\Documents\GitHub\SER431-Game-Project\x64\Debug\GameProject.exe : fatal error LNK1120: 22 unresolved externals
